Using pre-set license
Built from '2021.3/staging' branch; Version is '2021.3.13f1 (9e7d58001ecf) revision 10386776'; Using compiler version '192829333'; Build Type 'Release'
OS: 'Windows 11  (10.0.22000) 64bit Professional' Language: 'de' Physical Memory: 32541 MB
BatchMode: 1, IsHumanControllingUs: 0, StartBugReporterOnCrash: 0, Is64bit: 1, IsPro: 1

COMMAND LINE ARGUMENTS:
M:\Unity\2021.3.13f1\Editor\Unity.exe
-adb2
-batchMode
-noUpm
-name
AssetImportWorker0
-projectPath
C:/Users/Moritz/Desktop/HCI prototyping/prototyping/general/Maurer basic shit
-logFile
Logs/AssetImportWorker0.log
-srvPort
52837
Successfully changed project path to: C:/Users/Moritz/Desktop/HCI prototyping/prototyping/general/Maurer basic shit
C:/Users/Moritz/Desktop/HCI prototyping/prototyping/general/Maurer basic shit
[UnityMemory] Configuration Parameters - Can be set up in boot.config
    "memorysetup-bucket-allocator-granularity=16"
    "memorysetup-bucket-allocator-bucket-count=8"
    "memorysetup-bucket-allocator-block-size=33554432"
    "memorysetup-bucket-allocator-block-count=8"
    "memorysetup-main-allocator-block-size=16777216"
    "memorysetup-thread-allocator-block-size=16777216"
    "memorysetup-gfx-main-allocator-block-size=16777216"
    "memorysetup-gfx-thread-allocator-block-size=16777216"
    "memorysetup-cache-allocator-block-size=4194304"
    "memorysetup-typetree-allocator-block-size=2097152"
    "memorysetup-profiler-bucket-allocator-granularity=16"
    "memorysetup-profiler-bucket-allocator-bucket-count=8"
    "memorysetup-profiler-bucket-allocator-block-size=33554432"
    "memorysetup-profiler-bucket-allocator-block-count=8"
    "memorysetup-profiler-allocator-block-size=16777216"
    "memorysetup-profiler-editor-allocator-block-size=1048576"
    "memorysetup-temp-allocator-size-main=16777216"
    "memorysetup-job-temp-allocator-block-size=2097152"
    "memorysetup-job-temp-allocator-block-size-background=1048576"
    "memorysetup-job-temp-allocator-reduction-small-platforms=262144"
    "memorysetup-temp-allocator-size-background-worker=32768"
    "memorysetup-temp-allocator-size-job-worker=262144"
    "memorysetup-temp-allocator-size-preload-manager=33554432"
    "memorysetup-temp-allocator-size-nav-mesh-worker=65536"
    "memorysetup-temp-allocator-size-audio-worker=65536"
    "memorysetup-temp-allocator-size-cloud-worker=32768"
    "memorysetup-temp-allocator-size-gi-baking-worker=262144"
    "memorysetup-temp-allocator-size-gfx=262144"
Refreshing native plugins compatible for Editor in 47.48 ms, found 3 plugins.
Preloading 0 native plugins for Editor in 0.00 ms.
Initialize engine version: 2021.3.13f1 (9e7d58001ecf)
[Subsystems] Discovering subsystems at path M:/Unity/2021.3.13f1/Editor/Data/Resources/UnitySubsystems
[Subsystems] Discovering subsystems at path C:/Users/Moritz/Desktop/HCI prototyping/prototyping/general/Maurer basic shit/Assets
GfxDevice: creating device client; threaded=0; jobified=0
Direct3D:
    Version:  Direct3D 11.0 [level 11.1]
    Renderer: NVIDIA GeForce RTX 3060 Ti (ID=0x2489)
    Vendor:   NVIDIA
    VRAM:     8050 MB
    Driver:   31.0.15.1659
Initialize mono
Mono path[0] = 'M:/Unity/2021.3.13f1/Editor/Data/Managed'
Mono path[1] = 'M:/Unity/2021.3.13f1/Editor/Data/MonoBleedingEdge/lib/mono/unityjit-win32'
Mono config path = 'M:/Unity/2021.3.13f1/Editor/Data/MonoBleedingEdge/etc'
Using monoOptions --debugger-agent=transport=dt_socket,embedding=1,server=y,suspend=n,address=127.0.0.1:56224
Begin MonoManager ReloadAssembly
Registering precompiled unity dll's ...
Register platform support module: M:/Unity/2021.3.13f1/Editor/Data/PlaybackEngines/WebGLSupport/UnityEditor.WebGL.Extensions.dll
Register platform support module: M:/Unity/2021.3.13f1/Editor/Data/PlaybackEngines/WindowsStandaloneSupport/UnityEditor.WindowsStandalone.Extensions.dll
Registered in 0.001866 seconds.
Native extension for WindowsStandalone target not found
Native extension for WebGL target not found
Refreshing native plugins compatible for Editor in 47.52 ms, found 3 plugins.
Preloading 0 native plugins for Editor in 0.00 ms.
Mono: successfully reloaded assembly
- Completed reload, in  0.402 seconds
Domain Reload Profiling:
	ReloadAssembly (402ms)
		BeginReloadAssembly (53ms)
			ExecutionOrderSort (0ms)
			DisableScriptedObjects (0ms)
			BackupInstance (0ms)
			ReleaseScriptingObjects (0ms)
			CreateAndSetChildDomain (0ms)
		EndReloadAssembly (284ms)
			LoadAssemblies (53ms)
			RebuildTransferFunctionScriptingTraits (0ms)
			SetupTypeCache (64ms)
			ReleaseScriptCaches (0ms)
			RebuildScriptCaches (17ms)
			SetupLoadedEditorAssemblies (173ms)
				LogAssemblyErrors (0ms)
				InitializePlatformSupportModulesInManaged (5ms)
				SetLoadedEditorAssemblies (0ms)
				RefreshPlugins (48ms)
				BeforeProcessingInitializeOnLoad (1ms)
				ProcessInitializeOnLoadAttributes (90ms)
				ProcessInitializeOnLoadMethodAttributes (29ms)
				AfterProcessingInitializeOnLoad (0ms)
				EditorAssembliesLoaded (0ms)
			ExecutionOrderSort2 (0ms)
			AwakeInstancesAfterBackupRestoration (0ms)
Platform modules already initialized, skipping
Registering precompiled user dll's ...
Registered in 0.003301 seconds.
Begin MonoManager ReloadAssembly
Symbol file LoadedFromMemory doesn't match image C:\Users\Moritz\Desktop\HCI prototyping\prototyping\general\Maurer basic shit\Library\PackageCache\com.unity.visualscripting@1.7.8\Editor\VisualScripting.Core\Dependencies\YamlDotNet\Unity.VisualScripting.YamlDotNet.dll
Symbol file LoadedFromMemory doesn't match image C:\Users\Moritz\Desktop\HCI prototyping\prototyping\general\Maurer basic shit\Library\PackageCache\com.unity.visualscripting@1.7.8\Editor\VisualScripting.Core\Dependencies\DotNetZip\Unity.VisualScripting.IonicZip.dll
Native extension for WindowsStandalone target not found
Native extension for WebGL target not found
Refreshing native plugins compatible for Editor in 0.43 ms, found 3 plugins.
Preloading 0 native plugins for Editor in 0.00 ms.
Mono: successfully reloaded assembly
- Completed reload, in  0.623 seconds
Domain Reload Profiling:
	ReloadAssembly (624ms)
		BeginReloadAssembly (68ms)
			ExecutionOrderSort (0ms)
			DisableScriptedObjects (4ms)
			BackupInstance (0ms)
			ReleaseScriptingObjects (0ms)
			CreateAndSetChildDomain (12ms)
		EndReloadAssembly (483ms)
			LoadAssemblies (52ms)
			RebuildTransferFunctionScriptingTraits (0ms)
			SetupTypeCache (155ms)
			ReleaseScriptCaches (0ms)
			RebuildScriptCaches (31ms)
			SetupLoadedEditorAssemblies (223ms)
				LogAssemblyErrors (0ms)
				InitializePlatformSupportModulesInManaged (3ms)
				SetLoadedEditorAssemblies (0ms)
				RefreshPlugins (0ms)
				BeforeProcessingInitializeOnLoad (49ms)
				ProcessInitializeOnLoadAttributes (149ms)
				ProcessInitializeOnLoadMethodAttributes (19ms)
				AfterProcessingInitializeOnLoad (1ms)
				EditorAssembliesLoaded (0ms)
			ExecutionOrderSort2 (0ms)
			AwakeInstancesAfterBackupRestoration (4ms)
Platform modules already initialized, skipping
========================================================================
Worker process is ready to serve import requests
Launched and connected shader compiler UnityShaderCompiler.exe after 0.02 seconds
Refreshing native plugins compatible for Editor in 0.35 ms, found 3 plugins.
Preloading 0 native plugins for Editor in 0.00 ms.
Unloading 3359 Unused Serialized files (Serialized files now loaded: 0)
Unloading 27 unused Assets / (113.4 KB). Loaded Objects now: 3816.
Memory consumption went from 116.5 MB to 116.4 MB.
Total: 1.923800 ms (FindLiveObjects: 0.148000 ms CreateObjectMapping: 0.062400 ms MarkObjects: 1.640600 ms  DeleteObjects: 0.072300 ms)

AssetImportParameters requested are different than current active one (requested -> active):
  custom:video-decoder-ogg-theora: a1e56fd34408186e4bbccfd4996cb3dc -> 
  custom:container-muxer-webm: aa71ff27fc2769a1b78a27578f13a17b -> 
  custom:container-demuxer-webm: 4f35f7cbe854078d1ac9338744f61a02 -> 
  custom:video-encoder-webm-vp8: eb34c28f22e8b96e1ab97ce403110664 -> 
  custom:audio-encoder-webm-vorbis: bf7c407c2cedff20999df2af8eb42d56 -> 
  custom:framework-win-MediaFoundation: 216162199b28c13a410421893ffa2e32 -> 
  custom:container-demuxer-ogg: 62fdf1f143b41e24485cea50d1cbac27 -> 
  custom:video-decoder-webm-vp8: 9c59270c3fd7afecdb556c50c9e8de78 -> 
  custom:audio-decoder-ogg-vorbis: bf7c407c2cedff20999df2af8eb42d56 -> 
========================================================================
Received Import Request.
  Time since last request: 8671.918511 seconds.
  path: Assets/UnitO2/Scenes/collisions.unity
  artifactKey: Guid(dbbf5d623731d4b4e8fa83c46d961dd5) Importer(815301076,1909f56bfc062723c751e8b465ee728b)
Start importing Assets/UnitO2/Scenes/collisions.unity using Guid(dbbf5d623731d4b4e8fa83c46d961dd5) Importer(815301076,1909f56bfc062723c751e8b465ee728b)  -> (artifact id: 'def967ae711dc34634a2ef6da6e87d3c') in 0.008354 seconds 
========================================================================
Received Import Request.
  Time since last request: 1.421479 seconds.
  path: Assets/UnitO2/Scenes/KeyboardInput.unity
  artifactKey: Guid(e1f25b53eecf846c9aa5f9b8d2645a4a) Importer(815301076,1909f56bfc062723c751e8b465ee728b)
Start importing Assets/UnitO2/Scenes/KeyboardInput.unity using Guid(e1f25b53eecf846c9aa5f9b8d2645a4a) Importer(815301076,1909f56bfc062723c751e8b465ee728b)  -> (artifact id: '6899ecc68e445e57e71cc17cad8f4c5f') in 0.004723 seconds 
========================================================================
Received Import Request.
  Time since last request: 0.524057 seconds.
  path: Assets/UnitO2/Scenes/Pinball.unity
  artifactKey: Guid(aac7493baaac3414a930cce8316d6f00) Importer(815301076,1909f56bfc062723c751e8b465ee728b)
Start importing Assets/UnitO2/Scenes/Pinball.unity using Guid(aac7493baaac3414a930cce8316d6f00) Importer(815301076,1909f56bfc062723c751e8b465ee728b)  -> (artifact id: 'b8f367e63d5cb47afca6fe8096a307a9') in 0.004606 seconds 
========================================================================
Received Import Request.
  Time since last request: 0.686391 seconds.
  path: Assets/UnitO2/Scenes/scripting.unity
  artifactKey: Guid(a94e5f686e9ca49c59b9a5e42cb75eef) Importer(815301076,1909f56bfc062723c751e8b465ee728b)
Start importing Assets/UnitO2/Scenes/scripting.unity using Guid(a94e5f686e9ca49c59b9a5e42cb75eef) Importer(815301076,1909f56bfc062723c751e8b465ee728b)  -> (artifact id: '7863ac7967dcea89c0cf14fce9d1e1c7') in 0.004720 seconds 
========================================================================
Received Import Request.
  Time since last request: 2.935023 seconds.
  path: Assets/Scenes
  artifactKey: Guid(6ea315d0fd7389c41b19996891e99ae3) Importer(815301076,1909f56bfc062723c751e8b465ee728b)
Start importing Assets/Scenes using Guid(6ea315d0fd7389c41b19996891e99ae3) Importer(815301076,1909f56bfc062723c751e8b465ee728b)  -> (artifact id: 'b8193726cff86800c54781cdc6d54904') in 0.001348 seconds 
========================================================================
Received Import Request.
  Time since last request: 0.501290 seconds.
  path: Assets/Scenes/SampleScene.unity
  artifactKey: Guid(9fc0d4010bbf28b4594072e72b8655ab) Importer(815301076,1909f56bfc062723c751e8b465ee728b)
Start importing Assets/Scenes/SampleScene.unity using Guid(9fc0d4010bbf28b4594072e72b8655ab) Importer(815301076,1909f56bfc062723c751e8b465ee728b)  -> (artifact id: 'e55ccaa32d8e5c1de03c07a5412c8c3c') in 0.001275 seconds 
========================================================================
Received Import Request.
  Time since last request: 17.030040 seconds.
  path: Assets/UnitO2/scripts_unit_02
  artifactKey: Guid(782f5cee6cd566b4c87a2936b646fcc9) Importer(815301076,1909f56bfc062723c751e8b465ee728b)
Start importing Assets/UnitO2/scripts_unit_02 using Guid(782f5cee6cd566b4c87a2936b646fcc9) Importer(815301076,1909f56bfc062723c751e8b465ee728b)  -> (artifact id: '97fbd813d0f15fd2613030f69da008f3') in 0.005387 seconds 
========================================================================
Received Import Request.
  Time since last request: 2.542735 seconds.
  path: Assets/UnitO2/scripts_unit_02/pinball_movement.cs
  artifactKey: Guid(1ac8a0a3eac99478bb1945d4f8ba9854) Importer(815301076,1909f56bfc062723c751e8b465ee728b)
Start importing Assets/UnitO2/scripts_unit_02/pinball_movement.cs using Guid(1ac8a0a3eac99478bb1945d4f8ba9854) Importer(815301076,1909f56bfc062723c751e8b465ee728b)  -> (artifact id: '3edff7d64d6882197f1a9f19c9ada895') in 0.023808 seconds 
